2020-09-07 11:34:45 [scrapy.utils.log] INFO: Scrapy 2.1.0 started (bot: product_analysis)
2020-09-07 11:34:45 [scrapy.utils.log] INFO: Versions: lxml 4.5.0.0, libxml2 2.9.5, cssselect 1.1.0, parsel 1.6.0, w3lib 1.21.0, Twisted 20.3.0, Python 3.7.6 (tags/v3.7.6:43364a7ae0, Dec 19 2019, 00:42:30) [MSC v.1916 64 bit (AMD64)], pyOpenSSL 19.1.0 (OpenSSL 1.1.1g  21 Apr 2020), cryptography 2.9.2, Platform Windows-7-6.1.7601-SP1
2020-09-07 11:34:45 [scrapy.utils.log] DEBUG: Using reactor: twisted.internet.selectreactor.SelectReactor
2020-09-07 11:34:45 [scrapy.crawler] INFO: Overridden settings:
{'BOT_NAME': 'product_analysis',
 'DOWNLOAD_DELAY': 1,
 'LOG_FILE': './smzdm.log',
 'NEWSPIDER_MODULE': 'product_analysis.spiders',
 'SPIDER_MODULES': ['product_analysis.spiders']}
2020-09-07 11:34:46 [scrapy.extensions.telnet] INFO: Telnet Password: b041ce7d523fffb9
2020-09-07 11:34:46 [scrapy.middleware] INFO: Enabled extensions:
['scrapy.extensions.corestats.CoreStats',
 'scrapy.extensions.telnet.TelnetConsole',
 'scrapy.extensions.logstats.LogStats']
2020-09-07 11:34:47 [scrapy.middleware] INFO: Enabled downloader middlewares:
['scrapy.downloadermiddlewares.httpauth.HttpAuthMiddleware',
 'scrapy.downloadermiddlewares.downloadtimeout.DownloadTimeoutMiddleware',
 'scrapy.downloadermiddlewares.defaultheaders.DefaultHeadersMiddleware',
 'scrapy.downloadermiddlewares.useragent.UserAgentMiddleware',
 'scrapy.downloadermiddlewares.retry.RetryMiddleware',
 'scrapy.downloadermiddlewares.redirect.MetaRefreshMiddleware',
 'scrapy.downloadermiddlewares.httpcompression.HttpCompressionMiddleware',
 'scrapy.downloadermiddlewares.redirect.RedirectMiddleware',
 'scrapy.downloadermiddlewares.cookies.CookiesMiddleware',
 'scrapy.downloadermiddlewares.httpproxy.HttpProxyMiddleware',
 'scrapy.downloadermiddlewares.stats.DownloaderStats']
2020-09-07 11:34:47 [scrapy.middleware] INFO: Enabled spider middlewares:
['scrapy.spidermiddlewares.httperror.HttpErrorMiddleware',
 'scrapy.spidermiddlewares.offsite.OffsiteMiddleware',
 'scrapy.spidermiddlewares.referer.RefererMiddleware',
 'scrapy.spidermiddlewares.urllength.UrlLengthMiddleware',
 'scrapy.spidermiddlewares.depth.DepthMiddleware']
2020-09-07 11:34:47 [scrapy.middleware] INFO: Enabled item pipelines:
['product_analysis.pipelines.ProductAnalysisPipeline']
2020-09-07 11:34:47 [scrapy.core.engine] INFO: Spider opened
2020-09-07 11:34:48 [scrapy.core.engine] INFO: Closing spider (shutdown)
2020-09-07 11:34:48 [scrapy.core.engine] ERROR: Scraper close failure
Traceback (most recent call last):
  File "d:\python\python venv\envir1\lib\site-packages\scrapy\crawler.py", line 89, in crawl
    yield self.engine.open_spider(self.spider, start_requests)
pymysql.err.OperationalError: (1045, "Access denied for user 'Administrator'@'localhost' (using password: YES)")

During handling of the above exception, another exception occurred:

Traceback (most recent call last):
  File "D:\Python\python venv\my-python001\product_analysis\product_analysis\pipelines.py", line 58, in insert_data
    self.cur.executemany(sql, data_list)
AttributeError: 'ProductAnalysisPipeline' object has no attribute 'cur'

During handling of the above exception, another exception occurred:

Traceback (most recent call last):
  File "d:\python\python venv\envir1\lib\site-packages\twisted\internet\defer.py", line 654, in _runCallbacks
    current.result = callback(current.result, *args, **kw)
  File "D:\Python\python venv\my-python001\product_analysis\product_analysis\pipelines.py", line 39, in close_spider
    self.insert_data(self.data_list)
  File "D:\Python\python venv\my-python001\product_analysis\product_analysis\pipelines.py", line 61, in insert_data
    self.conn.rollback()
AttributeError: 'ProductAnalysisPipeline' object has no attribute 'conn'
2020-09-07 11:34:48 [scrapy.utils.signal] ERROR: Error caught on signal handler: <bound method CoreStats.spider_closed of <scrapy.extensions.corestats.CoreStats object at 0x000000000515A088>>
Traceback (most recent call last):
  File "d:\python\python venv\envir1\lib\site-packages\scrapy\crawler.py", line 89, in crawl
    yield self.engine.open_spider(self.spider, start_requests)
pymysql.err.OperationalError: (1045, "Access denied for user 'Administrator'@'localhost' (using password: YES)")

During handling of the above exception, another exception occurred:

Traceback (most recent call last):
  File "d:\python\python venv\envir1\lib\site-packages\scrapy\utils\defer.py", line 161, in maybeDeferred_coro
    result = f(*args, **kw)
  File "d:\python\python venv\envir1\lib\site-packages\pydispatch\robustapply.py", line 55, in robustApply
    return receiver(*arguments, **named)
  File "d:\python\python venv\envir1\lib\site-packages\scrapy\extensions\corestats.py", line 31, in spider_closed
    elapsed_time = finish_time - self.start_time
TypeError: unsupported operand type(s) for -: 'datetime.datetime' and 'NoneType'
2020-09-07 11:34:48 [scrapy.statscollectors] INFO: Dumping Scrapy stats:
{'log_count/ERROR': 2, 'log_count/INFO': 8}
2020-09-07 11:34:48 [scrapy.core.engine] INFO: Spider closed (shutdown)
2020-09-07 11:34:48 [twisted] CRITICAL: Unhandled error in Deferred:
2020-09-07 11:34:48 [twisted] CRITICAL: 
Traceback (most recent call last):
  File "d:\python\python venv\envir1\lib\site-packages\twisted\internet\defer.py", line 1418, in _inlineCallbacks
    result = g.send(result)
  File "d:\python\python venv\envir1\lib\site-packages\scrapy\crawler.py", line 89, in crawl
    yield self.engine.open_spider(self.spider, start_requests)
pymysql.err.OperationalError: (1045, "Access denied for user 'Administrator'@'localhost' (using password: YES)")
2020-09-07 11:56:36 [scrapy.utils.log] INFO: Scrapy 2.1.0 started (bot: product_analysis)
2020-09-07 11:56:36 [scrapy.utils.log] INFO: Versions: lxml 4.5.0.0, libxml2 2.9.5, cssselect 1.1.0, parsel 1.6.0, w3lib 1.21.0, Twisted 20.3.0, Python 3.7.6 (tags/v3.7.6:43364a7ae0, Dec 19 2019, 00:42:30) [MSC v.1916 64 bit (AMD64)], pyOpenSSL 19.1.0 (OpenSSL 1.1.1g  21 Apr 2020), cryptography 2.9.2, Platform Windows-7-6.1.7601-SP1
2020-09-07 11:56:36 [scrapy.utils.log] DEBUG: Using reactor: twisted.internet.selectreactor.SelectReactor
2020-09-07 11:56:36 [scrapy.crawler] INFO: Overridden settings:
{'BOT_NAME': 'product_analysis',
 'DOWNLOAD_DELAY': 1,
 'LOG_FILE': './smzdm.log',
 'NEWSPIDER_MODULE': 'product_analysis.spiders',
 'SPIDER_MODULES': ['product_analysis.spiders']}
2020-09-07 11:56:36 [scrapy.extensions.telnet] INFO: Telnet Password: 59562d28725abe28
2020-09-07 11:56:36 [scrapy.middleware] INFO: Enabled extensions:
['scrapy.extensions.corestats.CoreStats',
 'scrapy.extensions.telnet.TelnetConsole',
 'scrapy.extensions.logstats.LogStats']
2020-09-07 11:56:36 [scrapy.middleware] INFO: Enabled downloader middlewares:
['scrapy.downloadermiddlewares.httpauth.HttpAuthMiddleware',
 'scrapy.downloadermiddlewares.downloadtimeout.DownloadTimeoutMiddleware',
 'scrapy.downloadermiddlewares.defaultheaders.DefaultHeadersMiddleware',
 'scrapy.downloadermiddlewares.useragent.UserAgentMiddleware',
 'scrapy.downloadermiddlewares.retry.RetryMiddleware',
 'scrapy.downloadermiddlewares.redirect.MetaRefreshMiddleware',
 'scrapy.downloadermiddlewares.httpcompression.HttpCompressionMiddleware',
 'scrapy.downloadermiddlewares.redirect.RedirectMiddleware',
 'scrapy.downloadermiddlewares.cookies.CookiesMiddleware',
 'scrapy.downloadermiddlewares.httpproxy.HttpProxyMiddleware',
 'scrapy.downloadermiddlewares.stats.DownloaderStats']
2020-09-07 11:56:36 [scrapy.middleware] INFO: Enabled spider middlewares:
['scrapy.spidermiddlewares.httperror.HttpErrorMiddleware',
 'scrapy.spidermiddlewares.offsite.OffsiteMiddleware',
 'scrapy.spidermiddlewares.referer.RefererMiddleware',
 'scrapy.spidermiddlewares.urllength.UrlLengthMiddleware',
 'scrapy.spidermiddlewares.depth.DepthMiddleware']
2020-09-07 11:56:36 [scrapy.middleware] INFO: Enabled item pipelines:
['product_analysis.pipelines.ProductAnalysisPipeline']
2020-09-07 11:56:36 [scrapy.core.engine] INFO: Spider opened
2020-09-07 11:56:36 [root] INFO: Connected to mysql: 127.0.0.1 on port: 3306, using db: b'python_db1', charset is: utf8mb4
2020-09-07 11:56:36 [scrapy.extensions.logstats] INFO: Crawled 0 pages (at 0 pages/min), scraped 0 items (at 0 items/min)
2020-09-07 11:56:36 [scrapy.extensions.telnet] INFO: Telnet console listening on 127.0.0.1:6023
2020-09-07 11:56:37 [scrapy.core.engine] DEBUG: Crawled (200) <GET https://www.smzdm.com/fenlei/qipaoshui/> (referer: None)
2020-09-07 11:56:38 [smzdm] DEBUG: current product name is: ä¾èƒ½ è¥¿æŸšå‘³ æ— ç³–æ— æ±½å¼±ç¢±è‹æ‰“æ°´ é¥®æ–™ 500ml*15ç“¶ å¡‘è†œé‡è´©è£… *7ä»¶
2020-09-07 11:56:38 [smzdm] INFO: first ten product url: https://www.smzdm.com/p/24593283/
2020-09-07 11:56:38 [smzdm] DEBUG: current product name is: é›€å·¢ ï¼ˆNestleï¼‰ä¼˜æ´» è“è“é»‘åŠ ä»‘é£å‘³æ— ç³–æ— çƒ­é‡æ— è„‚è‚ªæ°”æ³¡æ°´é¥®æ–™æ±½æ°´450ML*15ç“¶ æ•´ç®±è£… *3ä»¶+å‡‘å•å“
2020-09-07 11:56:38 [smzdm] INFO: first ten product url: https://www.smzdm.com/p/24592582/
2020-09-07 11:56:38 [smzdm] DEBUG: current product name is: å…ƒæ°—æ£®æ— å…ƒæ°”æ£®æ—æ— ç³–æ— çƒ­é‡é…¸æ¢…æ±è‹æ‰“æ°´å…ƒæ°”æ°´æ°”æ³¡æ°´é¥®æ–™æ±½æ°´480ml*15ç“¶è£… æ•´ç®±
2020-09-07 11:56:38 [smzdm] INFO: first ten product url: https://www.smzdm.com/p/24588745/
2020-09-07 11:56:38 [smzdm] DEBUG: current product name is: è€ƒæ‹‰æµ·è´­é»‘å¡ä¼šå‘˜ : Perrier å·´é»æ°´ å«æ°”æŸ æª¬å‘³é¥®æ–™ 330ml*24ç½è£…
2020-09-07 11:56:38 [smzdm] INFO: first ten product url: https://www.smzdm.com/p/24592303/
2020-09-07 11:56:38 [smzdm] DEBUG: current product name is: é™åœ°åŒº : æ€¡æ³‰ Schweppes æ— ç³–é›¶å¡ è‹æ‰“æ°´ 400ml*12ç“¶ 
2020-09-07 11:56:38 [smzdm] INFO: first ten product url: https://www.smzdm.com/p/24590289/
2020-09-07 11:56:38 [smzdm] DEBUG: current product name is: æ€¡æ³‰ Schweppes æ— ç³–é›¶å¡ è‹æ‰“æ°´ æ±½æ°´é¥®æ–™400ml*12ç“¶ æ•´ç®±è£… å¯å£å¯ä¹å…¬å¸å‡ºå“ æ–°è€åŒ…è£…éšæœºå‘è´§ *2ä»¶
2020-09-07 11:56:38 [smzdm] INFO: first ten product url: https://www.smzdm.com/p/24588770/
2020-09-07 11:56:38 [smzdm] DEBUG: current product name is: å´‚å±± ç™½èŠ±è›‡è‰æ°´é£å‘³é¥®æ–™ 330ml*24ç“¶ æ•´ç®±è£… ä¸­åè€å­—å·
2020-09-07 11:56:38 [smzdm] INFO: first ten product url: https://www.smzdm.com/p/24587860/
2020-09-07 11:56:38 [smzdm] DEBUG: current product name is: åœ£åŸ¹éœ²ï¼ˆç»ç’ƒç“¶ï¼‰å«æ°”çŸ¿æ³‰æ°´250mläºŒåå››ç“¶
2020-09-07 11:56:38 [smzdm] INFO: first ten product url: https://www.smzdm.com/p/24586542/
2020-09-07 11:56:38 [smzdm] DEBUG: current product name is: æ–°é²œåˆ°è´§S.PELLEGRINO åœ£åŸ¹éœ² å«æ°”å¤©ç„¶çŸ¿æ³‰æ°´ 500ml 24ç“¶/ç®±
2020-09-07 11:56:38 [smzdm] INFO: first ten product url: https://www.smzdm.com/p/24586518/
2020-09-07 11:56:38 [smzdm] DEBUG: current product name is: è€ƒæ‹‰æµ·è´­é»‘å¡ä¼šå‘˜ : Perrier å·´é»æ°´ å«æ°”å¤©ç„¶çŸ¿æ³‰æ°´ 330ml* 24ç“¶
2020-09-07 11:56:38 [smzdm] INFO: first ten product url: https://www.smzdm.com/p/24586410/
2020-09-07 11:56:38 [scrapy.core.engine] DEBUG: Crawled (200) <GET https://www.smzdm.com/p/24593283/> (referer: https://www.smzdm.com/fenlei/qipaoshui/)
2020-09-07 11:56:38 [smzdm] INFO: 0 comments on current page
2020-09-07 11:56:39 [scrapy.core.engine] DEBUG: Crawled (200) <GET https://www.smzdm.com/p/24588770/> (referer: https://www.smzdm.com/fenlei/qipaoshui/)
2020-09-07 11:56:39 [smzdm] INFO: 2 comments on current page
2020-09-07 11:56:39 [smzdm] DEBUG: -----------------å€¼å‹2956480294 said: å“ªé‡Œæœ‰ä¼˜æƒ åˆ¸å•Šï¼Ÿæ²¡çœ‹åˆ° -----------------
2020-09-07 11:56:39 [scrapy.core.scraper] DEBUG: Scraped from <200 https://www.smzdm.com/p/24588770/>
{'product_name': 'æ€¡æ³‰ Schweppes æ— ç³–é›¶å¡ è‹æ‰“æ°´ æ±½æ°´é¥®æ–™400ml*12ç“¶ æ•´ç®±è£… å¯å£å¯ä¹å…¬å¸å‡ºå“ æ–°è€åŒ…è£…éšæœºå‘è´§ '
                 '*2ä»¶',
 'user_comment': 'å“ªé‡Œæœ‰ä¼˜æƒ åˆ¸å•Šï¼Ÿæ²¡çœ‹åˆ°',
 'user_name': 'å€¼å‹2956480294'}
2020-09-07 11:56:39 [smzdm] DEBUG: -----------------æ€§æ„Ÿå°èŸ‘è‚ said: æ‰¾ä¸åˆ°åˆ¸å‘¢ -----------------
2020-09-07 11:56:39 [scrapy.core.scraper] DEBUG: Scraped from <200 https://www.smzdm.com/p/24588770/>
{'product_name': 'æ€¡æ³‰ Schweppes æ— ç³–é›¶å¡ è‹æ‰“æ°´ æ±½æ°´é¥®æ–™400ml*12ç“¶ æ•´ç®±è£… å¯å£å¯ä¹å…¬å¸å‡ºå“ æ–°è€åŒ…è£…éšæœºå‘è´§ '
                 '*2ä»¶',
 'user_comment': 'æ‰¾ä¸åˆ°åˆ¸å‘¢',
 'user_name': 'æ€§æ„Ÿå°èŸ‘è‚'}
2020-09-07 11:56:40 [scrapy.core.engine] DEBUG: Crawled (200) <GET https://www.smzdm.com/p/24590289/> (referer: https://www.smzdm.com/fenlei/qipaoshui/)
2020-09-07 11:56:40 [smzdm] INFO: 30 comments on current page
2020-09-07 11:56:40 [smzdm] DEBUG: -----------------æŠ¤æ——å…ˆé”‹ said: æ²¡è´§ï¼Œçœé’± -----------------
2020-09-07 11:56:40 [scrapy.core.scraper] DEBUG: Scraped from <200 https://www.smzdm.com/p/24590289/>
{'product_name': 'é™åœ°åŒº : æ€¡æ³‰ Schweppes æ— ç³–é›¶å¡ è‹æ‰“æ°´ 400ml*12ç“¶',
 'user_comment': 'æ²¡è´§ï¼Œçœé’±',
 'user_name': 'æŠ¤æ——å…ˆé”‹'}
2020-09-07 11:56:41 [smzdm] DEBUG: -----------------Kevin91 said: å®å¤æœ‰è´§~ ~ -----------------
2020-09-07 11:56:41 [scrapy.core.scraper] DEBUG: Scraped from <200 https://www.smzdm.com/p/24590289/>
{'product_name': 'é™åœ°åŒº : æ€¡æ³‰ Schweppes æ— ç³–é›¶å¡ è‹æ‰“æ°´ 400ml*12ç“¶',
 'user_comment': 'å®å¤æœ‰è´§~ ~',
 'user_name': 'Kevin91'}
2020-09-07 11:56:41 [smzdm] DEBUG: -----------------æ”¯ä»˜æˆåŠŸ said: åŒ—äº¬æ²¡å¾—ä¹° -----------------
2020-09-07 11:56:41 [scrapy.core.scraper] DEBUG: Scraped from <200 https://www.smzdm.com/p/24590289/>
{'product_name': 'é™åœ°åŒº : æ€¡æ³‰ Schweppes æ— ç³–é›¶å¡ è‹æ‰“æ°´ 400ml*12ç“¶',
 'user_comment': 'åŒ—äº¬æ²¡å¾—ä¹°',
 'user_name': 'æ”¯ä»˜æˆåŠŸ'}
2020-09-07 11:56:41 [smzdm] DEBUG: -----------------å€¼å‹7159668589 said: æ˜¯æˆ‘å¤šè™‘äº†ï¼Œä¸è®©ä¹°ã€‚ã€‚ã€‚ -----------------
2020-09-07 11:56:41 [scrapy.core.scraper] DEBUG: Scraped from <200 https://www.smzdm.com/p/24590289/>
{'product_name': 'é™åœ°åŒº : æ€¡æ³‰ Schweppes æ— ç³–é›¶å¡ è‹æ‰“æ°´ 400ml*12ç“¶',
 'user_comment': 'æ˜¯æˆ‘å¤šè™‘äº†ï¼Œä¸è®©ä¹°ã€‚ã€‚ã€‚',
 'user_name': 'å€¼å‹7159668589'}
2020-09-07 11:56:41 [smzdm] DEBUG: -----------------JustinCarter said: è¿™ä¹ˆè¯´ä¸Šä¸ªæœˆ9.9æ’¸æ²¡æ’¸å¤šä¸€äº›äºå¤§äº† -----------------
2020-09-07 11:56:41 [scrapy.core.scraper] DEBUG: Scraped from <200 https://www.smzdm.com/p/24590289/>
{'product_name': 'é™åœ°åŒº : æ€¡æ³‰ Schweppes æ— ç³–é›¶å¡ è‹æ‰“æ°´ 400ml*12ç“¶',
 'user_comment': 'è¿™ä¹ˆè¯´ä¸Šä¸ªæœˆ9.9æ’¸æ²¡æ’¸å¤šä¸€äº›äºå¤§äº†',
 'user_name': 'JustinCarter'}
2020-09-07 11:56:41 [smzdm] DEBUG: -----------------å€¼å‹7159668589 said: è¿™æ°´å¥½å–å—ï¼Ÿï¼Ÿï¼Ÿ -----------------
2020-09-07 11:56:41 [scrapy.core.scraper] DEBUG: Scraped from <200 https://www.smzdm.com/p/24590289/>
{'product_name': 'é™åœ°åŒº : æ€¡æ³‰ Schweppes æ— ç³–é›¶å¡ è‹æ‰“æ°´ 400ml*12ç“¶',
 'user_comment': 'è¿™æ°´å¥½å–å—ï¼Ÿï¼Ÿï¼Ÿ',
 'user_name': 'å€¼å‹7159668589'}
2020-09-07 11:56:41 [smzdm] DEBUG: -----------------ä¼å…­ä¸ƒ said: è‹å·æ²¡å¾—ä¹° -----------------
2020-09-07 11:56:41 [scrapy.core.scraper] DEBUG: Scraped from <200 https://www.smzdm.com/p/24590289/>
{'product_name': 'é™åœ°åŒº : æ€¡æ³‰ Schweppes æ— ç³–é›¶å¡ è‹æ‰“æ°´ 400ml*12ç“¶',
 'user_comment': 'è‹å·æ²¡å¾—ä¹°',
 'user_name': 'ä¼å…­ä¸ƒ'}
2020-09-07 11:56:41 [smzdm] DEBUG: -----------------å€¼å‹5354529483 said: å®‰å¾½æ²¡å¾—ä¹° -----------------
2020-09-07 11:56:41 [scrapy.core.scraper] DEBUG: Scraped from <200 https://www.smzdm.com/p/24590289/>
{'product_name': 'é™åœ°åŒº : æ€¡æ³‰ Schweppes æ— ç³–é›¶å¡ è‹æ‰“æ°´ 400ml*12ç“¶',
 'user_comment': 'å®‰å¾½æ²¡å¾—ä¹°',
 'user_name': 'å€¼å‹5354529483'}
2020-09-07 11:56:41 [smzdm] DEBUG: -----------------ä¸‰æ›´åŠå¤œå»æµæµª said: è¯¥å•†å“åœ¨è¯¥åœ°åŒºæš‚ä¸æ”¯æŒé”€å”®    æ²³å—ä¹Ÿæ²¡æœ‰ï¼ï¼ï¼ -----------------
2020-09-07 11:56:41 [root] DEBUG: Will insert following data: [['æ€¡æ³‰ Schweppes æ— ç³–é›¶å¡ è‹æ‰“æ°´ æ±½æ°´é¥®æ–™400ml*12ç“¶ æ•´ç®±è£… å¯å£å¯ä¹å…¬å¸å‡ºå“ æ–°è€åŒ…è£…éšæœºå‘è´§ *2ä»¶', 'å€¼å‹2956480294', 'å“ªé‡Œæœ‰ä¼˜æƒ åˆ¸å•Šï¼Ÿæ²¡çœ‹åˆ°', '2020-09-07 11:56:39'], ['æ€¡æ³‰ Schweppes æ— ç³–é›¶å¡ è‹æ‰“æ°´ æ±½æ°´é¥®æ–™400ml*12ç“¶ æ•´ç®±è£… å¯å£å¯ä¹å…¬å¸å‡ºå“ æ–°è€åŒ…è£…éšæœºå‘è´§ *2ä»¶', 'æ€§æ„Ÿå°èŸ‘è‚', 'æ‰¾ä¸åˆ°åˆ¸å‘¢', '2020-09-07 11:56:39'], ['é™åœ°åŒº : æ€¡æ³‰ Schweppes æ— ç³–é›¶å¡ è‹æ‰“æ°´ 400ml*12ç“¶', 'æŠ¤æ——å…ˆé”‹', 'æ²¡è´§ï¼Œçœé’±', '2020-09-07 11:56:40'], ['é™åœ°åŒº : æ€¡æ³‰ Schweppes æ— ç³–é›¶å¡ è‹æ‰“æ°´ 400ml*12ç“¶', 'Kevin91', 'å®å¤æœ‰è´§~ ~', '2020-09-07 11:56:41'], ['é™åœ°åŒº : æ€¡æ³‰ Schweppes æ— ç³–é›¶å¡ è‹æ‰“æ°´ 400ml*12ç“¶', 'æ”¯ä»˜æˆåŠŸ', 'åŒ—äº¬æ²¡å¾—ä¹°', '2020-09-07 11:56:41'], ['é™åœ°åŒº : æ€¡æ³‰ Schweppes æ— ç³–é›¶å¡ è‹æ‰“æ°´ 400ml*12ç“¶', 'å€¼å‹7159668589', 'æ˜¯æˆ‘å¤šè™‘äº†ï¼Œä¸è®©ä¹°ã€‚ã€‚ã€‚', '2020-09-07 11:56:41'], ['é™åœ°åŒº : æ€¡æ³‰ Schweppes æ— ç³–é›¶å¡ è‹æ‰“æ°´ 400ml*12ç“¶', 'JustinCarter', 'è¿™ä¹ˆè¯´ä¸Šä¸ªæœˆ9.9æ’¸æ²¡æ’¸å¤šä¸€äº›äºå¤§äº†', '2020-09-07 11:56:41'], ['é™åœ°åŒº : æ€¡æ³‰ Schweppes æ— ç³–é›¶å¡ è‹æ‰“æ°´ 400ml*12ç“¶', 'å€¼å‹7159668589', 'è¿™æ°´å¥½å–å—ï¼Ÿï¼Ÿï¼Ÿ', '2020-09-07 11:56:41'], ['é™åœ°åŒº : æ€¡æ³‰ Schweppes æ— ç³–é›¶å¡ è‹æ‰“æ°´ 400ml*12ç“¶', 'ä¼å…­ä¸ƒ', 'è‹å·æ²¡å¾—ä¹°', '2020-09-07 11:56:41'], ['é™åœ°åŒº : æ€¡æ³‰ Schweppes æ— ç³–é›¶å¡ è‹æ‰“æ°´ 400ml*12ç“¶', 'å€¼å‹5354529483', 'å®‰å¾½æ²¡å¾—ä¹°', '2020-09-07 11:56:41']]
2020-09-07 11:56:41 [root] INFO: Inserted 10 comments to DB.
2020-09-07 11:56:41 [scrapy.core.scraper] DEBUG: Scraped from <200 https://www.smzdm.com/p/24590289/>
{'product_name': 'é™åœ°åŒº : æ€¡æ³‰ Schweppes æ— ç³–é›¶å¡ è‹æ‰“æ°´ 400ml*12ç“¶',
 'user_comment': 'è¯¥å•†å“åœ¨è¯¥åœ°åŒºæš‚ä¸æ”¯æŒé”€å”®    æ²³å—ä¹Ÿæ²¡æœ‰ï¼ï¼ï¼',
 'user_name': 'ä¸‰æ›´åŠå¤œå»æµæµª'}
2020-09-07 11:56:41 [smzdm] DEBUG: -----------------ä¸€å¤§åªè™¾é¥º said: æ­¦æ±‰ä¹Ÿæ²¡æœ‰ -----------------
2020-09-07 11:56:41 [scrapy.core.scraper] DEBUG: Scraped from <200 https://www.smzdm.com/p/24590289/>
{'product_name': 'é™åœ°åŒº : æ€¡æ³‰ Schweppes æ— ç³–é›¶å¡ è‹æ‰“æ°´ 400ml*12ç“¶',
 'user_comment': 'æ­¦æ±‰ä¹Ÿæ²¡æœ‰',
 'user_name': 'ä¸€å¤§åªè™¾é¥º'}
2020-09-07 11:56:41 [smzdm] DEBUG: -----------------èŒ§è›¹ said: è¾½å®ä¹Ÿä¸å–ï¼Œè¿™å¾—é™åˆ¶å¤šå°çš„èŒƒå›´å•Šï¼Ÿ -----------------
2020-09-07 11:56:41 [scrapy.core.scraper] DEBUG: Scraped from <200 https://www.smzdm.com/p/24590289/>
{'product_name': 'é™åœ°åŒº : æ€¡æ³‰ Schweppes æ— ç³–é›¶å¡ è‹æ‰“æ°´ 400ml*12ç“¶',
 'user_comment': 'è¾½å®ä¹Ÿä¸å–ï¼Œè¿™å¾—é™åˆ¶å¤šå°çš„èŒƒå›´å•Šï¼Ÿ',
 'user_name': 'èŒ§è›¹'}
2020-09-07 11:56:41 [smzdm] DEBUG: -----------------æ™šå›è¦èµ¶åœ¨å†¬å¤©æ¥ä¹‹å‰ said: æ‰€ä»¥ï¼Œå“ªä¸ªåœ°åŒºå¯ä»¥ä¹°åˆ°å‘¢ï¼Ÿ -----------------
2020-09-07 11:56:41 [scrapy.core.scraper] DEBUG: Scraped from <200 https://www.smzdm.com/p/24590289/>
{'product_name': 'é™åœ°åŒº : æ€¡æ³‰ Schweppes æ— ç³–é›¶å¡ è‹æ‰“æ°´ 400ml*12ç“¶',
 'user_comment': 'æ‰€ä»¥ï¼Œå“ªä¸ªåœ°åŒºå¯ä»¥ä¹°åˆ°å‘¢ï¼Ÿ',
 'user_name': 'æ™šå›è¦èµ¶åœ¨å†¬å¤©æ¥ä¹‹å‰'}
2020-09-07 11:56:41 [smzdm] DEBUG: -----------------å–µå‘œå…ˆæ£® said: å¹¿ä¸œä¸è¡Œzsbd -----------------
2020-09-07 11:56:41 [scrapy.core.scraper] DEBUG: Scraped from <200 https://www.smzdm.com/p/24590289/>
{'product_name': 'é™åœ°åŒº : æ€¡æ³‰ Schweppes æ— ç³–é›¶å¡ è‹æ‰“æ°´ 400ml*12ç“¶',
 'user_comment': 'å¹¿ä¸œä¸è¡Œzsbd',
 'user_name': 'å–µå‘œå…ˆæ£®'}
2020-09-07 11:56:41 [smzdm] DEBUG: -----------------å°å³¥å³¥ said: æ˜¯æˆ‘ä¸é…äº†ï¼ï¼ï¼ -----------------
2020-09-07 11:56:41 [scrapy.core.scraper] DEBUG: Scraped from <200 https://www.smzdm.com/p/24590289/>
{'product_name': 'é™åœ°åŒº : æ€¡æ³‰ Schweppes æ— ç³–é›¶å¡ è‹æ‰“æ°´ 400ml*12ç“¶',
 'user_comment': 'æ˜¯æˆ‘ä¸é…äº†ï¼ï¼ï¼',
 'user_name': 'å°å³¥å³¥'}
2020-09-07 11:56:41 [smzdm] DEBUG: -----------------å€¼å‹2122976455 said: æ­å·ä¹Ÿä¸é… -----------------
2020-09-07 11:56:41 [scrapy.core.scraper] DEBUG: Scraped from <200 https://www.smzdm.com/p/24590289/>
{'product_name': 'é™åœ°åŒº : æ€¡æ³‰ Schweppes æ— ç³–é›¶å¡ è‹æ‰“æ°´ 400ml*12ç“¶',
 'user_comment': 'æ­å·ä¹Ÿä¸é…',
 'user_name': 'å€¼å‹2122976455'}
2020-09-07 11:56:41 [smzdm] DEBUG: -----------------æ¥é¸­å¿«æ´»é¸­ said: ä¸œèä¸æ”¯æŒ   -----------------
2020-09-07 11:56:41 [scrapy.core.scraper] DEBUG: Scraped from <200 https://www.smzdm.com/p/24590289/>
{'product_name': 'é™åœ°åŒº : æ€¡æ³‰ Schweppes æ— ç³–é›¶å¡ è‹æ‰“æ°´ 400ml*12ç“¶',
 'user_comment': 'ä¸œèä¸æ”¯æŒ',
 'user_name': 'æ¥é¸­å¿«æ´»é¸­'}
2020-09-07 11:56:41 [smzdm] DEBUG: -----------------ä»»é±¼å­ said:   æµ™æ±Ÿä¹Ÿæ²¡æœ‰ï¼Œä¹Œé²æœ¨é½å€’æ˜¯æœ‰ -----------------
2020-09-07 11:56:41 [scrapy.core.scraper] DEBUG: Scraped from <200 https://www.smzdm.com/p/24590289/>
{'product_name': 'é™åœ°åŒº : æ€¡æ³‰ Schweppes æ— ç³–é›¶å¡ è‹æ‰“æ°´ 400ml*12ç“¶',
 'user_comment': 'æµ™æ±Ÿä¹Ÿæ²¡æœ‰ï¼Œä¹Œé²æœ¨é½å€’æ˜¯æœ‰',
 'user_name': 'ä»»é±¼å­'}
2020-09-07 11:56:41 [smzdm] DEBUG: -----------------stonezhi123 said: ä¸æ”¯æŒè¯¥åœ°åŒº -----------------
2020-09-07 11:56:41 [scrapy.core.scraper] DEBUG: Scraped from <200 https://www.smzdm.com/p/24590289/>
{'product_name': 'é™åœ°åŒº : æ€¡æ³‰ Schweppes æ— ç³–é›¶å¡ è‹æ‰“æ°´ 400ml*12ç“¶',
 'user_comment': 'ä¸æ”¯æŒè¯¥åœ°åŒº',
 'user_name': 'stonezhi123'}
2020-09-07 11:56:41 [smzdm] DEBUG: -----------------jsszyl said: è‹å·æ²¡å¾—ä¹° -----------------
2020-09-07 11:56:41 [scrapy.core.scraper] DEBUG: Scraped from <200 https://www.smzdm.com/p/24590289/>
{'product_name': 'é™åœ°åŒº : æ€¡æ³‰ Schweppes æ— ç³–é›¶å¡ è‹æ‰“æ°´ 400ml*12ç“¶',
 'user_comment': 'è‹å·æ²¡å¾—ä¹°',
 'user_name': 'jsszyl'}
2020-09-07 11:56:41 [smzdm] DEBUG: -----------------å€¼å‹8462392290 said: 8å—è¿è´¹ï¼ï¼ï¼ -----------------
2020-09-07 11:56:41 [root] DEBUG: Will insert following data: [['é™åœ°åŒº : æ€¡æ³‰ Schweppes æ— ç³–é›¶å¡ è‹æ‰“æ°´ 400ml*12ç“¶', 'ä¸€å¤§åªè™¾é¥º', 'æ­¦æ±‰ä¹Ÿæ²¡æœ‰', '2020-09-07 11:56:41'], ['é™åœ°åŒº : æ€¡æ³‰ Schweppes æ— ç³–é›¶å¡ è‹æ‰“æ°´ 400ml*12ç“¶', 'èŒ§è›¹', 'è¾½å®ä¹Ÿä¸å–ï¼Œè¿™å¾—é™åˆ¶å¤šå°çš„èŒƒå›´å•Šï¼Ÿ', '2020-09-07 11:56:41'], ['é™åœ°åŒº : æ€¡æ³‰ Schweppes æ— ç³–é›¶å¡ è‹æ‰“æ°´ 400ml*12ç“¶', 'æ™šå›è¦èµ¶åœ¨å†¬å¤©æ¥ä¹‹å‰', 'æ‰€ä»¥ï¼Œå“ªä¸ªåœ°åŒºå¯ä»¥ä¹°åˆ°å‘¢ï¼Ÿ', '2020-09-07 11:56:41'], ['é™åœ°åŒº : æ€¡æ³‰ Schweppes æ— ç³–é›¶å¡ è‹æ‰“æ°´ 400ml*12ç“¶', 'å–µå‘œå…ˆæ£®', 'å¹¿ä¸œä¸è¡Œzsbd', '2020-09-07 11:56:41'], ['é™åœ°åŒº : æ€¡æ³‰ Schweppes æ— ç³–é›¶å¡ è‹æ‰“æ°´ 400ml*12ç“¶', 'å°å³¥å³¥', 'æ˜¯æˆ‘ä¸é…äº†ï¼ï¼ï¼', '2020-09-07 11:56:41'], ['é™åœ°åŒº : æ€¡æ³‰ Schweppes æ— ç³–é›¶å¡ è‹æ‰“æ°´ 400ml*12ç“¶', 'å€¼å‹2122976455', 'æ­å·ä¹Ÿä¸é…', '2020-09-07 11:56:41'], ['é™åœ°åŒº : æ€¡æ³‰ Schweppes æ— ç³–é›¶å¡ è‹æ‰“æ°´ 400ml*12ç“¶', 'æ¥é¸­å¿«æ´»é¸­', 'ä¸œèä¸æ”¯æŒ', '2020-09-07 11:56:41'], ['é™åœ°åŒº : æ€¡æ³‰ Schweppes æ— ç³–é›¶å¡ è‹æ‰“æ°´ 400ml*12ç“¶', 'ä»»é±¼å­', 'æµ™æ±Ÿä¹Ÿæ²¡æœ‰ï¼Œä¹Œé²æœ¨é½å€’æ˜¯æœ‰', '2020-09-07 11:56:41'], ['é™åœ°åŒº : æ€¡æ³‰ Schweppes æ— ç³–é›¶å¡ è‹æ‰“æ°´ 400ml*12ç“¶', 'stonezhi123', 'ä¸æ”¯æŒè¯¥åœ°åŒº', '2020-09-07 11:56:41'], ['é™åœ°åŒº : æ€¡æ³‰ Schweppes æ— ç³–é›¶å¡ è‹æ‰“æ°´ 400ml*12ç“¶', 'jsszyl', 'è‹å·æ²¡å¾—ä¹°', '2020-09-07 11:56:41']]
2020-09-07 11:56:41 [root] INFO: Inserted 10 comments to DB.
2020-09-07 11:56:41 [scrapy.core.scraper] DEBUG: Scraped from <200 https://www.smzdm.com/p/24590289/>
{'product_name': 'é™åœ°åŒº : æ€¡æ³‰ Schweppes æ— ç³–é›¶å¡ è‹æ‰“æ°´ 400ml*12ç“¶',
 'user_comment': '8å—è¿è´¹ï¼ï¼ï¼',
 'user_name': 'å€¼å‹8462392290'}
2020-09-07 11:56:41 [smzdm] DEBUG: -----------------fanser said: åŒ—äº¬å°±æ²¡æœ‰è¿‡ -----------------
2020-09-07 11:56:41 [scrapy.core.scraper] DEBUG: Scraped from <200 https://www.smzdm.com/p/24590289/>
{'product_name': 'é™åœ°åŒº : æ€¡æ³‰ Schweppes æ— ç³–é›¶å¡ è‹æ‰“æ°´ 400ml*12ç“¶',
 'user_comment': 'åŒ—äº¬å°±æ²¡æœ‰è¿‡',
 'user_name': 'fanser'}
2020-09-07 11:56:41 [smzdm] DEBUG: -----------------è°çˆ†æ–™è¯´æ˜è°æƒ³ä¹° said: åŒ—äº¬ä¸é…å– -----------------
2020-09-07 11:56:41 [scrapy.core.scraper] DEBUG: Scraped from <200 https://www.smzdm.com/p/24590289/>
{'product_name': 'é™åœ°åŒº : æ€¡æ³‰ Schweppes æ— ç³–é›¶å¡ è‹æ‰“æ°´ 400ml*12ç“¶',
 'user_comment': 'åŒ—äº¬ä¸é…å–',
 'user_name': 'è°çˆ†æ–™è¯´æ˜è°æƒ³ä¹°'}
2020-09-07 11:56:41 [smzdm] DEBUG: -----------------å­™åä¸‡ said:   å¹¿ä¸œéƒ½æ²¡æœ‰ï¼Œå¹¿è¥¿å½“ç„¶ä¹ŸğŸˆšï¸ -----------------
2020-09-07 11:56:41 [scrapy.core.scraper] DEBUG: Scraped from <200 https://www.smzdm.com/p/24590289/>
{'product_name': 'é™åœ°åŒº : æ€¡æ³‰ Schweppes æ— ç³–é›¶å¡ è‹æ‰“æ°´ 400ml*12ç“¶',
 'user_comment': 'å¹¿ä¸œéƒ½æ²¡æœ‰ï¼Œå¹¿è¥¿å½“ç„¶ä¹ŸğŸˆšï¸',
 'user_name': 'å­™åä¸‡'}
2020-09-07 11:56:41 [smzdm] DEBUG: -----------------Dylandick said: ä¸Šæµ·æ²¡å¾—ä¹° -----------------
2020-09-07 11:56:41 [scrapy.core.scraper] DEBUG: Scraped from <200 https://www.smzdm.com/p/24590289/>
{'product_name': 'é™åœ°åŒº : æ€¡æ³‰ Schweppes æ— ç³–é›¶å¡ è‹æ‰“æ°´ 400ml*12ç“¶',
 'user_comment': 'ä¸Šæµ·æ²¡å¾—ä¹°',
 'user_name': 'Dylandick'}
2020-09-07 11:56:41 [smzdm] DEBUG: -----------------çˆ±æ€ä¸æ˜¯ç¬” said: éƒ‘å·æ²¡è´§éƒ‘å·æ—¥å¸¸æ²¡è´§ -----------------
2020-09-07 11:56:41 [scrapy.core.scraper] DEBUG: Scraped from <200 https://www.smzdm.com/p/24590289/>
{'product_name': 'é™åœ°åŒº : æ€¡æ³‰ Schweppes æ— ç³–é›¶å¡ è‹æ‰“æ°´ 400ml*12ç“¶',
 'user_comment': 'éƒ‘å·æ²¡è´§éƒ‘å·æ—¥å¸¸æ²¡è´§',
 'user_name': 'çˆ±æ€ä¸æ˜¯ç¬”'}
2020-09-07 11:56:41 [smzdm] DEBUG: -----------------å€¼å‹9726095215 said: å“ˆå°”æ»¨ä¸€èˆ¬éƒ½æ— è´§ -----------------
2020-09-07 11:56:41 [scrapy.core.scraper] DEBUG: Scraped from <200 https://www.smzdm.com/p/24590289/>
{'product_name': 'é™åœ°åŒº : æ€¡æ³‰ Schweppes æ— ç³–é›¶å¡ è‹æ‰“æ°´ 400ml*12ç“¶',
 'user_comment': 'å“ˆå°”æ»¨ä¸€èˆ¬éƒ½æ— è´§',
 'user_name': 'å€¼å‹9726095215'}
2020-09-07 11:56:41 [smzdm] DEBUG: -----------------caber said: ä¼°è®¡å…¨ä¸­å›½23ä¸ªçœï¼Œ5ä¸ªè‡ªæ²»åŒºã€4ä¸ªç›´è¾–å¸‚ï¼Œè¿˜æœ‰2ä¸ªç‰¹åˆ«è¡Œæ”¿åŒºï¼Œå¤–åŠ å¯¹å²¸çš„å¤§å‹å²›å±¿éƒ½æ²¡è´§ -----------------
2020-09-07 11:56:41 [scrapy.core.scraper] DEBUG: Scraped from <200 https://www.smzdm.com/p/24590289/>
{'product_name': 'é™åœ°åŒº : æ€¡æ³‰ Schweppes æ— ç³–é›¶å¡ è‹æ‰“æ°´ 400ml*12ç“¶',
 'user_comment': 'ä¼°è®¡å…¨ä¸­å›½23ä¸ªçœï¼Œ5ä¸ªè‡ªæ²»åŒºã€4ä¸ªç›´è¾–å¸‚ï¼Œè¿˜æœ‰2ä¸ªç‰¹åˆ«è¡Œæ”¿åŒºï¼Œå¤–åŠ å¯¹å²¸çš„å¤§å‹å²›å±¿éƒ½æ²¡è´§',
 'user_name': 'caber'}
2020-09-07 11:56:41 [smzdm] DEBUG: -----------------hello-èª said: è¯¥å•†å“åœ¨è¯¥åœ°åŒºæš‚ä¸æ”¯æŒé”€å”®ï¼ï¼ˆå¤©æ´¥ï¼‰ -----------------
2020-09-07 11:56:41 [scrapy.core.scraper] DEBUG: Scraped from <200 https://www.smzdm.com/p/24590289/>
{'product_name': 'é™åœ°åŒº : æ€¡æ³‰ Schweppes æ— ç³–é›¶å¡ è‹æ‰“æ°´ 400ml*12ç“¶',
 'user_comment': 'è¯¥å•†å“åœ¨è¯¥åœ°åŒºæš‚ä¸æ”¯æŒé”€å”®ï¼ï¼ˆå¤©æ´¥ï¼‰',
 'user_name': 'hello-èª'}
2020-09-07 11:56:41 [smzdm] DEBUG: -----------------æ˜¯å¤§æ¢¦å•Š said: ç¦å»ºæ²¡å¾—ä¹° -----------------
2020-09-07 11:56:41 [scrapy.core.scraper] DEBUG: Scraped from <200 https://www.smzdm.com/p/24590289/>
{'product_name': 'é™åœ°åŒº : æ€¡æ³‰ Schweppes æ— ç³–é›¶å¡ è‹æ‰“æ°´ 400ml*12ç“¶',
 'user_comment': 'ç¦å»ºæ²¡å¾—ä¹°',
 'user_name': 'æ˜¯å¤§æ¢¦å•Š'}
2020-09-07 11:56:41 [smzdm] DEBUG: -----------------Huang_Q said: å¹¿å·æ²¡å¾—ä¹° -----------------
2020-09-07 11:56:41 [scrapy.core.scraper] DEBUG: Scraped from <200 https://www.smzdm.com/p/24590289/>
{'product_name': 'é™åœ°åŒº : æ€¡æ³‰ Schweppes æ— ç³–é›¶å¡ è‹æ‰“æ°´ 400ml*12ç“¶',
 'user_comment': 'å¹¿å·æ²¡å¾—ä¹°',
 'user_name': 'Huang_Q'}
2020-09-07 11:56:42 [scrapy.core.engine] DEBUG: Crawled (200) <GET https://www.smzdm.com/p/24592303/> (referer: https://www.smzdm.com/fenlei/qipaoshui/)
2020-09-07 11:56:42 [smzdm] INFO: 1 comments on current page
2020-09-07 11:56:42 [smzdm] DEBUG: -----------------èµ«è²æ–¯æ‰˜æ–¯ï¼ˆçˆ†æ–™äººï¼‰ said: è¿˜æœ‰åŸå‘³ä¹Ÿæ˜¯ç­‰åŒä»·ä½ -----------------
2020-09-07 11:56:42 [root] DEBUG: Will insert following data: [['é™åœ°åŒº : æ€¡æ³‰ Schweppes æ— ç³–é›¶å¡ è‹æ‰“æ°´ 400ml*12ç“¶', 'fanser', 'åŒ—äº¬å°±æ²¡æœ‰è¿‡', '2020-09-07 11:56:41'], ['é™åœ°åŒº : æ€¡æ³‰ Schweppes æ— ç³–é›¶å¡ è‹æ‰“æ°´ 400ml*12ç“¶', 'è°çˆ†æ–™è¯´æ˜è°æƒ³ä¹°', 'åŒ—äº¬ä¸é…å–', '2020-09-07 11:56:41'], ['é™åœ°åŒº : æ€¡æ³‰ Schweppes æ— ç³–é›¶å¡ è‹æ‰“æ°´ 400ml*12ç“¶', 'å­™åä¸‡', 'å¹¿ä¸œéƒ½æ²¡æœ‰ï¼Œå¹¿è¥¿å½“ç„¶ä¹ŸğŸˆšï¸', '2020-09-07 11:56:41'], ['é™åœ°åŒº : æ€¡æ³‰ Schweppes æ— ç³–é›¶å¡ è‹æ‰“æ°´ 400ml*12ç“¶', 'Dylandick', 'ä¸Šæµ·æ²¡å¾—ä¹°', '2020-09-07 11:56:41'], ['é™åœ°åŒº : æ€¡æ³‰ Schweppes æ— ç³–é›¶å¡ è‹æ‰“æ°´ 400ml*12ç“¶', 'çˆ±æ€ä¸æ˜¯ç¬”', 'éƒ‘å·æ²¡è´§éƒ‘å·æ—¥å¸¸æ²¡è´§', '2020-09-07 11:56:41'], ['é™åœ°åŒº : æ€¡æ³‰ Schweppes æ— ç³–é›¶å¡ è‹æ‰“æ°´ 400ml*12ç“¶', 'å€¼å‹9726095215', 'å“ˆå°”æ»¨ä¸€èˆ¬éƒ½æ— è´§', '2020-09-07 11:56:41'], ['é™åœ°åŒº : æ€¡æ³‰ Schweppes æ— ç³–é›¶å¡ è‹æ‰“æ°´ 400ml*12ç“¶', 'caber', 'ä¼°è®¡å…¨ä¸­å›½23ä¸ªçœï¼Œ5ä¸ªè‡ªæ²»åŒºã€4ä¸ªç›´è¾–å¸‚ï¼Œè¿˜æœ‰2ä¸ªç‰¹åˆ«è¡Œæ”¿åŒºï¼Œå¤–åŠ å¯¹å²¸çš„å¤§å‹å²›å±¿éƒ½æ²¡è´§', '2020-09-07 11:56:41'], ['é™åœ°åŒº : æ€¡æ³‰ Schweppes æ— ç³–é›¶å¡ è‹æ‰“æ°´ 400ml*12ç“¶', 'hello-èª', 'è¯¥å•†å“åœ¨è¯¥åœ°åŒºæš‚ä¸æ”¯æŒé”€å”®ï¼ï¼ˆå¤©æ´¥ï¼‰', '2020-09-07 11:56:41'], ['é™åœ°åŒº : æ€¡æ³‰ Schweppes æ— ç³–é›¶å¡ è‹æ‰“æ°´ 400ml*12ç“¶', 'æ˜¯å¤§æ¢¦å•Š', 'ç¦å»ºæ²¡å¾—ä¹°', '2020-09-07 11:56:41'], ['é™åœ°åŒº : æ€¡æ³‰ Schweppes æ— ç³–é›¶å¡ è‹æ‰“æ°´ 400ml*12ç“¶', 'Huang_Q', 'å¹¿å·æ²¡å¾—ä¹°', '2020-09-07 11:56:41']]
2020-09-07 11:56:42 [root] INFO: Inserted 10 comments to DB.
2020-09-07 11:56:42 [scrapy.core.scraper] DEBUG: Scraped from <200 https://www.smzdm.com/p/24592303/>
{'product_name': 'è€ƒæ‹‰æµ·è´­é»‘å¡ä¼šå‘˜ : Perrier å·´é»æ°´ å«æ°”æŸ æª¬å‘³é¥®æ–™ 330ml*24ç½è£…',
 'user_comment': 'è¿˜æœ‰åŸå‘³ä¹Ÿæ˜¯ç­‰åŒä»·ä½',
 'user_name': 'èµ«è²æ–¯æ‰˜æ–¯ï¼ˆçˆ†æ–™äººï¼‰'}
2020-09-07 11:56:43 [scrapy.core.engine] DEBUG: Crawled (200) <GET https://www.smzdm.com/p/24588745/> (referer: https://www.smzdm.com/fenlei/qipaoshui/)
2020-09-07 11:56:44 [smzdm] INFO: 4 comments on current page
2020-09-07 11:56:44 [smzdm] DEBUG: -----------------buster said: éš¾å–çš„å¾ˆå•Š -----------------
2020-09-07 11:56:44 [scrapy.core.scraper] DEBUG: Scraped from <200 https://www.smzdm.com/p/24588745/>
{'product_name': 'å…ƒæ°—æ£®æ— å…ƒæ°”æ£®æ—æ— ç³–æ— çƒ­é‡é…¸æ¢…æ±è‹æ‰“æ°´å…ƒæ°”æ°´æ°”æ³¡æ°´é¥®æ–™æ±½æ°´480ml*15ç“¶è£… æ•´ç®±',
 'user_comment': 'éš¾å–çš„å¾ˆå•Š',
 'user_name': 'buster'}
2020-09-07 11:56:44 [smzdm] DEBUG: -----------------evenly said: æ²¡æœ‰è¿™ä¸ªå· -----------------
2020-09-07 11:56:44 [scrapy.core.scraper] DEBUG: Scraped from <200 https://www.smzdm.com/p/24588745/>
{'product_name': 'å…ƒæ°—æ£®æ— å…ƒæ°”æ£®æ—æ— ç³–æ— çƒ­é‡é…¸æ¢…æ±è‹æ‰“æ°´å…ƒæ°”æ°´æ°”æ³¡æ°´é¥®æ–™æ±½æ°´480ml*15ç“¶è£… æ•´ç®±',
 'user_comment': 'æ²¡æœ‰è¿™ä¸ªå·',
 'user_name': 'evenly'}
2020-09-07 11:56:44 [smzdm] DEBUG: -----------------hongminsu said: å¡«è”åä¿¡ç”¨å¡ï¼Ÿ -----------------
2020-09-07 11:56:44 [scrapy.core.scraper] DEBUG: Scraped from <200 https://www.smzdm.com/p/24588745/>
{'product_name': 'å…ƒæ°—æ£®æ— å…ƒæ°”æ£®æ—æ— ç³–æ— çƒ­é‡é…¸æ¢…æ±è‹æ‰“æ°´å…ƒæ°”æ°´æ°”æ³¡æ°´é¥®æ–™æ±½æ°´480ml*15ç“¶è£… æ•´ç®±',
 'user_comment': 'å¡«è”åä¿¡ç”¨å¡ï¼Ÿ',
 'user_name': 'hongminsu'}
2020-09-07 11:56:44 [smzdm] DEBUG: -----------------å¶CC said: åˆ¸å‘¢ï¼Ÿï¼Ÿï¼Ÿï¼Ÿï¼Ÿï¼Ÿ           -----------------
2020-09-07 11:56:44 [scrapy.core.scraper] DEBUG: Scraped from <200 https://www.smzdm.com/p/24588745/>
{'product_name': 'å…ƒæ°—æ£®æ— å…ƒæ°”æ£®æ—æ— ç³–æ— çƒ­é‡é…¸æ¢…æ±è‹æ‰“æ°´å…ƒæ°”æ°´æ°”æ³¡æ°´é¥®æ–™æ±½æ°´480ml*15ç“¶è£… æ•´ç®±',
 'user_comment': 'åˆ¸å‘¢ï¼Ÿï¼Ÿï¼Ÿï¼Ÿï¼Ÿï¼Ÿ',
 'user_name': 'å¶CC'}
2020-09-07 11:56:44 [scrapy.core.engine] DEBUG: Crawled (200) <GET https://www.smzdm.com/p/24592582/> (referer: https://www.smzdm.com/fenlei/qipaoshui/)
2020-09-07 11:56:44 [smzdm] INFO: 6 comments on current page
2020-09-07 11:56:44 [smzdm] DEBUG: -----------------å¯æƒœæˆ‘æ˜¯åƒåœ¾ä½¬ said: ä¹‹å‰ä¹°äº†ä¸€ç®±ï¼Œä¸å¥½å–ï¼Œæ²¡å†…å‘³ï¼Œæ°”æŒºè¶³ -----------------
2020-09-07 11:56:44 [scrapy.core.scraper] DEBUG: Scraped from <200 https://www.smzdm.com/p/24592582/>
{'product_name': 'é›€å·¢ ï¼ˆNestleï¼‰ä¼˜æ´» è“è“é»‘åŠ ä»‘é£å‘³æ— ç³–æ— çƒ­é‡æ— è„‚è‚ªæ°”æ³¡æ°´é¥®æ–™æ±½æ°´450ML*15ç“¶ æ•´ç®±è£… *3ä»¶+å‡‘å•å“',
 'user_comment': 'ä¹‹å‰ä¹°äº†ä¸€ç®±ï¼Œä¸å¥½å–ï¼Œæ²¡å†…å‘³ï¼Œæ°”æŒºè¶³',
 'user_name': 'å¯æƒœæˆ‘æ˜¯åƒåœ¾ä½¬'}
2020-09-07 11:56:44 [smzdm] DEBUG: -----------------å€¼å‹æˆ‘æœ€å¸… said: 3å¼ è¿è´¹æ‰è¡Œã€‚æ¬¡å¥¥ -----------------
2020-09-07 11:56:44 [scrapy.core.scraper] DEBUG: Scraped from <200 https://www.smzdm.com/p/24592582/>
{'product_name': 'é›€å·¢ ï¼ˆNestleï¼‰ä¼˜æ´» è“è“é»‘åŠ ä»‘é£å‘³æ— ç³–æ— çƒ­é‡æ— è„‚è‚ªæ°”æ³¡æ°´é¥®æ–™æ±½æ°´450ML*15ç“¶ æ•´ç®±è£… *3ä»¶+å‡‘å•å“',
 'user_comment': '3å¼ è¿è´¹æ‰è¡Œã€‚æ¬¡å¥¥',
 'user_name': 'å€¼å‹æˆ‘æœ€å¸…'}
2020-09-07 11:56:44 [smzdm] DEBUG: -----------------ç¾šç¾Šæ€•ä¸Šç« said: æ­£åœ¨å–ï¼Œå‘³é“ç¡®å®ä¸å’‹åœ°ï¼Œæœ€ä¸»è¦æ˜¯æ°”ä¸è¶³ -----------------
2020-09-07 11:56:44 [scrapy.core.scraper] DEBUG: Scraped from <200 https://www.smzdm.com/p/24592582/>
{'product_name': 'é›€å·¢ ï¼ˆNestleï¼‰ä¼˜æ´» è“è“é»‘åŠ ä»‘é£å‘³æ— ç³–æ— çƒ­é‡æ— è„‚è‚ªæ°”æ³¡æ°´é¥®æ–™æ±½æ°´450ML*15ç“¶ æ•´ç®±è£… *3ä»¶+å‡‘å•å“',
 'user_comment': 'æ­£åœ¨å–ï¼Œå‘³é“ç¡®å®ä¸å’‹åœ°ï¼Œæœ€ä¸»è¦æ˜¯æ°”ä¸è¶³',
 'user_name': 'ç¾šç¾Šæ€•ä¸Šç«'}
2020-09-07 11:56:44 [smzdm] DEBUG: -----------------ä¹°æˆ‘çš„æ²¡é”™ said: å¥½åƒç¡®å®æŒºä¾¿å®œçš„ -----------------
2020-09-07 11:56:44 [scrapy.core.scraper] DEBUG: Scraped from <200 https://www.smzdm.com/p/24592582/>
{'product_name': 'é›€å·¢ ï¼ˆNestleï¼‰ä¼˜æ´» è“è“é»‘åŠ ä»‘é£å‘³æ— ç³–æ— çƒ­é‡æ— è„‚è‚ªæ°”æ³¡æ°´é¥®æ–™æ±½æ°´450ML*15ç“¶ æ•´ç®±è£… *3ä»¶+å‡‘å•å“',
 'user_comment': 'å¥½åƒç¡®å®æŒºä¾¿å®œçš„',
 'user_name': 'ä¹°æˆ‘çš„æ²¡é”™'}
2020-09-07 11:56:44 [smzdm] DEBUG: -----------------ä¼å˜‰ç±³ said: æŒºå¥½å–å‘€ï¼Œæˆ‘çˆ±å–æœ‰å‘³é“çš„æ±½æ°´ï¼Œè¿™ä¸ªå°±ä¸é”™ï¼Œå–å¤šäº†é›¶åº¦è¿™ä¸ªæ¢æ¢å‘³é“ -----------------
2020-09-07 11:56:44 [scrapy.core.scraper] DEBUG: Scraped from <200 https://www.smzdm.com/p/24592582/>
{'product_name': 'é›€å·¢ ï¼ˆNestleï¼‰ä¼˜æ´» è“è“é»‘åŠ ä»‘é£å‘³æ— ç³–æ— çƒ­é‡æ— è„‚è‚ªæ°”æ³¡æ°´é¥®æ–™æ±½æ°´450ML*15ç“¶ æ•´ç®±è£… *3ä»¶+å‡‘å•å“',
 'user_comment': 'æŒºå¥½å–å‘€ï¼Œæˆ‘çˆ±å–æœ‰å‘³é“çš„æ±½æ°´ï¼Œè¿™ä¸ªå°±ä¸é”™ï¼Œå–å¤šäº†é›¶åº¦è¿™ä¸ªæ¢æ¢å‘³é“',
 'user_name': 'ä¼å˜‰ç±³'}
2020-09-07 11:56:44 [smzdm] DEBUG: -----------------è¿˜æ˜¯èµŒä¸œé“ said: è¿™ä¸ªå‘³é“å’‹æ ·ï¼Ÿ -----------------
2020-09-07 11:56:44 [scrapy.core.scraper] DEBUG: Scraped from <200 https://www.smzdm.com/p/24592582/>
{'product_name': 'é›€å·¢ ï¼ˆNestleï¼‰ä¼˜æ´» è“è“é»‘åŠ ä»‘é£å‘³æ— ç³–æ— çƒ­é‡æ— è„‚è‚ªæ°”æ³¡æ°´é¥®æ–™æ±½æ°´450ML*15ç“¶ æ•´ç®±è£… *3ä»¶+å‡‘å•å“',
 'user_comment': 'è¿™ä¸ªå‘³é“å’‹æ ·ï¼Ÿ',
 'user_name': 'è¿˜æ˜¯èµŒä¸œé“'}
2020-09-07 11:56:46 [scrapy.core.engine] DEBUG: Crawled (200) <GET https://www.smzdm.com/p/24586410/> (referer: https://www.smzdm.com/fenlei/qipaoshui/)
2020-09-07 11:56:46 [smzdm] INFO: 1 comments on current page
2020-09-07 11:56:46 [smzdm] DEBUG: -----------------è¥¿çº¢æŸ¿ç‚’ç•ªèŒ„zzz said: å·´é»æ°”æ³¡æ°´çœŸçš„æ˜¯ä¸ªç¥å¥‡çš„ä¸œè¥¿ï¼Œçˆ±å–çš„äººæ¯å¤©éƒ½æ¥ä¸€ç“¶ï¼Œä¸çˆ±å–çš„å–ä¸€å£éƒ½å«Œéš¾å–è¦åä¸€æ ·ï¼Œä¹‹å‰æ´»åŠ¨åœ¨äº¬ä¸œå¸®åŒäº‹ä¹°äº†å››ç®±ï¼Œè‰è“å‘³è¥¿æŸšå‘³è¥¿ç“œå‘³æŸ æª¬å‘³éƒ½æ•´äº†ï¼Œè‡ªå·±ä¹Ÿå°è¿‡äº†æŒºå¤šå‘³é“ï¼Œå†°é•‡ä»¥åå…¶å®è¿˜æ˜¯å¾ˆä¸é”™çš„ï¼Œä¸»è¦æ˜¯çœŸçš„æ²¡å•¥èƒ½é‡ï¼Œå–äº†ä¹Ÿä¸æ‹…å¿ƒé•¿èƒ– -----------------
2020-09-07 11:56:46 [root] DEBUG: Will insert following data: [['å…ƒæ°—æ£®æ— å…ƒæ°”æ£®æ—æ— ç³–æ— çƒ­é‡é…¸æ¢…æ±è‹æ‰“æ°´å…ƒæ°”æ°´æ°”æ³¡æ°´é¥®æ–™æ±½æ°´480ml*15ç“¶è£… æ•´ç®±', 'buster', 'éš¾å–çš„å¾ˆå•Š', '2020-09-07 11:56:44'], ['å…ƒæ°—æ£®æ— å…ƒæ°”æ£®æ—æ— ç³–æ— çƒ­é‡é…¸æ¢…æ±è‹æ‰“æ°´å…ƒæ°”æ°´æ°”æ³¡æ°´é¥®æ–™æ±½æ°´480ml*15ç“¶è£… æ•´ç®±', 'evenly', 'æ²¡æœ‰è¿™ä¸ªå·', '2020-09-07 11:56:44'], ['å…ƒæ°—æ£®æ— å…ƒæ°”æ£®æ—æ— ç³–æ— çƒ­é‡é…¸æ¢…æ±è‹æ‰“æ°´å…ƒæ°”æ°´æ°”æ³¡æ°´é¥®æ–™æ±½æ°´480ml*15ç“¶è£… æ•´ç®±', 'hongminsu', 'å¡«è”åä¿¡ç”¨å¡ï¼Ÿ', '2020-09-07 11:56:44'], ['å…ƒæ°—æ£®æ— å…ƒæ°”æ£®æ—æ— ç³–æ— çƒ­é‡é…¸æ¢…æ±è‹æ‰“æ°´å…ƒæ°”æ°´æ°”æ³¡æ°´é¥®æ–™æ±½æ°´480ml*15ç“¶è£… æ•´ç®±', 'å¶CC', 'åˆ¸å‘¢ï¼Ÿï¼Ÿï¼Ÿï¼Ÿï¼Ÿï¼Ÿ', '2020-09-07 11:56:44'], ['é›€å·¢ ï¼ˆNestleï¼‰ä¼˜æ´» è“è“é»‘åŠ ä»‘é£å‘³æ— ç³–æ— çƒ­é‡æ— è„‚è‚ªæ°”æ³¡æ°´é¥®æ–™æ±½æ°´450ML*15ç“¶ æ•´ç®±è£… *3ä»¶+å‡‘å•å“', 'å¯æƒœæˆ‘æ˜¯åƒåœ¾ä½¬', 'ä¹‹å‰ä¹°äº†ä¸€ç®±ï¼Œä¸å¥½å–ï¼Œæ²¡å†…å‘³ï¼Œæ°”æŒºè¶³', '2020-09-07 11:56:44'], ['é›€å·¢ ï¼ˆNestleï¼‰ä¼˜æ´» è“è“é»‘åŠ ä»‘é£å‘³æ— ç³–æ— çƒ­é‡æ— è„‚è‚ªæ°”æ³¡æ°´é¥®æ–™æ±½æ°´450ML*15ç“¶ æ•´ç®±è£… *3ä»¶+å‡‘å•å“', 'å€¼å‹æˆ‘æœ€å¸…', '3å¼ è¿è´¹æ‰è¡Œã€‚æ¬¡å¥¥', '2020-09-07 11:56:44'], ['é›€å·¢ ï¼ˆNestleï¼‰ä¼˜æ´» è“è“é»‘åŠ ä»‘é£å‘³æ— ç³–æ— çƒ­é‡æ— è„‚è‚ªæ°”æ³¡æ°´é¥®æ–™æ±½æ°´450ML*15ç“¶ æ•´ç®±è£… *3ä»¶+å‡‘å•å“', 'ç¾šç¾Šæ€•ä¸Šç«', 'æ­£åœ¨å–ï¼Œå‘³é“ç¡®å®ä¸å’‹åœ°ï¼Œæœ€ä¸»è¦æ˜¯æ°”ä¸è¶³', '2020-09-07 11:56:44'], ['é›€å·¢ ï¼ˆNestleï¼‰ä¼˜æ´» è“è“é»‘åŠ ä»‘é£å‘³æ— ç³–æ— çƒ­é‡æ— è„‚è‚ªæ°”æ³¡æ°´é¥®æ–™æ±½æ°´450ML*15ç“¶ æ•´ç®±è£… *3ä»¶+å‡‘å•å“', 'ä¹°æˆ‘çš„æ²¡é”™', 'å¥½åƒç¡®å®æŒºä¾¿å®œçš„', '2020-09-07 11:56:44'], ['é›€å·¢ ï¼ˆNestleï¼‰ä¼˜æ´» è“è“é»‘åŠ ä»‘é£å‘³æ— ç³–æ— çƒ­é‡æ— è„‚è‚ªæ°”æ³¡æ°´é¥®æ–™æ±½æ°´450ML*15ç“¶ æ•´ç®±è£… *3ä»¶+å‡‘å•å“', 'ä¼å˜‰ç±³', 'æŒºå¥½å–å‘€ï¼Œæˆ‘çˆ±å–æœ‰å‘³é“çš„æ±½æ°´ï¼Œè¿™ä¸ªå°±ä¸é”™ï¼Œå–å¤šäº†é›¶åº¦è¿™ä¸ªæ¢æ¢å‘³é“', '2020-09-07 11:56:44'], ['é›€å·¢ ï¼ˆNestleï¼‰ä¼˜æ´» è“è“é»‘åŠ ä»‘é£å‘³æ— ç³–æ— çƒ­é‡æ— è„‚è‚ªæ°”æ³¡æ°´é¥®æ–™æ±½æ°´450ML*15ç“¶ æ•´ç®±è£… *3ä»¶+å‡‘å•å“', 'è¿˜æ˜¯èµŒä¸œé“', 'è¿™ä¸ªå‘³é“å’‹æ ·ï¼Ÿ', '2020-09-07 11:56:44']]
2020-09-07 11:56:46 [root] INFO: Inserted 10 comments to DB.
2020-09-07 11:56:46 [scrapy.core.scraper] DEBUG: Scraped from <200 https://www.smzdm.com/p/24586410/>
{'product_name': 'è€ƒæ‹‰æµ·è´­é»‘å¡ä¼šå‘˜ : Perrier å·´é»æ°´ å«æ°”å¤©ç„¶çŸ¿æ³‰æ°´ 330ml* 24ç“¶',
 'user_comment': 'å·´é»æ°”æ³¡æ°´çœŸçš„æ˜¯ä¸ªç¥å¥‡çš„ä¸œè¥¿ï¼Œçˆ±å–çš„äººæ¯å¤©éƒ½æ¥ä¸€ç“¶ï¼Œä¸çˆ±å–çš„å–ä¸€å£éƒ½å«Œéš¾å–è¦åä¸€æ ·ï¼Œä¹‹å‰æ´»åŠ¨åœ¨äº¬ä¸œå¸®åŒäº‹ä¹°äº†å››ç®±ï¼Œè‰è“å‘³è¥¿æŸšå‘³è¥¿ç“œå‘³æŸ æª¬å‘³éƒ½æ•´äº†ï¼Œè‡ªå·±ä¹Ÿå°è¿‡äº†æŒºå¤šå‘³é“ï¼Œå†°é•‡ä»¥åå…¶å®è¿˜æ˜¯å¾ˆä¸é”™çš„ï¼Œä¸»è¦æ˜¯çœŸçš„æ²¡å•¥èƒ½é‡ï¼Œå–äº†ä¹Ÿä¸æ‹…å¿ƒé•¿èƒ–',
 'user_name': 'è¥¿çº¢æŸ¿ç‚’ç•ªèŒ„zzz'}
2020-09-07 11:56:47 [scrapy.core.engine] DEBUG: Crawled (200) <GET https://www.smzdm.com/p/24586518/> (referer: https://www.smzdm.com/fenlei/qipaoshui/)
2020-09-07 11:56:47 [smzdm] INFO: 12 comments on current page
2020-09-07 11:56:47 [smzdm] DEBUG: -----------------å°çŒªé¥²å…»å‘˜ said: ç”Ÿäº§æ—¥æœŸæè¿°æ˜¯ä»Šå¹´3æœˆåˆ°4æœˆçš„ï¼ŒæŒ‰å¡‘æ–™ç“¶çš„ç®—ï¼ŒåŠå¹´çš„è·‘çš„æ°”ä¸å°‘å•¦ï¼Œå½±å“ä¸€éƒ¨åˆ†å£æ„Ÿã€‚ä»·æ ¼æ˜¯ä¸é”™ï¼Œè‡ªå·±è€ƒè™‘ã€‚ -----------------
2020-09-07 11:56:47 [scrapy.core.scraper] DEBUG: Scraped from <200 https://www.smzdm.com/p/24586518/>
{'product_name': 'æ–°é²œåˆ°è´§S.PELLEGRINO åœ£åŸ¹éœ² å«æ°”å¤©ç„¶çŸ¿æ³‰æ°´ 500ml 24ç“¶/ç®±',
 'user_comment': 'ç”Ÿäº§æ—¥æœŸæè¿°æ˜¯ä»Šå¹´3æœˆåˆ°4æœˆçš„ï¼ŒæŒ‰å¡‘æ–™ç“¶çš„ç®—ï¼ŒåŠå¹´çš„è·‘çš„æ°”ä¸å°‘å•¦ï¼Œå½±å“ä¸€éƒ¨åˆ†å£æ„Ÿã€‚ä»·æ ¼æ˜¯ä¸é”™ï¼Œè‡ªå·±è€ƒè™‘ã€‚',
 'user_name': 'å°çŒªé¥²å…»å‘˜'}
2020-09-07 11:56:47 [smzdm] DEBUG: -----------------æ©˜å­å¤§-å¤§ï¼ˆçˆ†æ–™äººï¼‰ said: è¿˜å¥½ï¼Œå¡‘æ–™ç“¶æ¯”ä¸‰æ‹³è¿˜ä¾¿å®œï¼Œæˆ‘ä¹°äº†å¡‘æ–™å’Œç»ç’ƒï¼Œå¡‘æ–™å°±è¿åŠ¨æ—¶å€™å–ï¼Œè¿˜ä¸é”™çš„ã€‚ -----------------
2020-09-07 11:56:47 [scrapy.core.scraper] DEBUG: Scraped from <200 https://www.smzdm.com/p/24586518/>
{'product_name': 'æ–°é²œåˆ°è´§S.PELLEGRINO åœ£åŸ¹éœ² å«æ°”å¤©ç„¶çŸ¿æ³‰æ°´ 500ml 24ç“¶/ç®±',
 'user_comment': 'è¿˜å¥½ï¼Œå¡‘æ–™ç“¶æ¯”ä¸‰æ‹³è¿˜ä¾¿å®œï¼Œæˆ‘ä¹°äº†å¡‘æ–™å’Œç»ç’ƒï¼Œå¡‘æ–™å°±è¿åŠ¨æ—¶å€™å–ï¼Œè¿˜ä¸é”™çš„ã€‚',
 'user_name': 'æ©˜å­å¤§-å¤§ï¼ˆçˆ†æ–™äººï¼‰'}
2020-09-07 11:56:47 [smzdm] DEBUG: -----------------å®æ³¢é˜¿ä¸‰å“¥ said: å¡‘æ–™ç“¶çš„è·‘æ°”è¶…çº§å¿«â€¦â€¦â€¦â€¦æ²¡å¼€å°çš„ä¹Ÿä¸€æ ·åŠé€€ -----------------
2020-09-07 11:56:47 [scrapy.core.scraper] DEBUG: Scraped from <200 https://www.smzdm.com/p/24586518/>
{'product_name': 'æ–°é²œåˆ°è´§S.PELLEGRINO åœ£åŸ¹éœ² å«æ°”å¤©ç„¶çŸ¿æ³‰æ°´ 500ml 24ç“¶/ç®±',
 'user_comment': 'å¡‘æ–™ç“¶çš„è·‘æ°”è¶…çº§å¿«â€¦â€¦â€¦â€¦æ²¡å¼€å°çš„ä¹Ÿä¸€æ ·åŠé€€',
 'user_name': 'å®æ³¢é˜¿ä¸‰å“¥'}
2020-09-07 11:56:47 [smzdm] DEBUG: -----------------å€¼å‹9344682574 said: åˆ«è§æ€ªï¼Œè¿™æ˜¯å°å†° -----------------
2020-09-07 11:56:47 [scrapy.core.scraper] DEBUG: Scraped from <200 https://www.smzdm.com/p/24586518/>
{'product_name': 'æ–°é²œåˆ°è´§S.PELLEGRINO åœ£åŸ¹éœ² å«æ°”å¤©ç„¶çŸ¿æ³‰æ°´ 500ml 24ç“¶/ç®±',
 'user_comment': 'åˆ«è§æ€ªï¼Œè¿™æ˜¯å°å†°',
 'user_name': 'å€¼å‹9344682574'}
2020-09-07 11:56:47 [smzdm] DEBUG: -----------------æ©™å­æ©™å­æˆ‘æ˜¯æ©˜å­ said: æ²¡æœ‰é»‘å¡ï¼Œçœé’±äº† -----------------
2020-09-07 11:56:47 [scrapy.core.scraper] DEBUG: Scraped from <200 https://www.smzdm.com/p/24586518/>
{'product_name': 'æ–°é²œåˆ°è´§S.PELLEGRINO åœ£åŸ¹éœ² å«æ°”å¤©ç„¶çŸ¿æ³‰æ°´ 500ml 24ç“¶/ç®±',
 'user_comment': 'æ²¡æœ‰é»‘å¡ï¼Œçœé’±äº†',
 'user_name': 'æ©™å­æ©™å­æˆ‘æ˜¯æ©˜å­'}
2020-09-07 11:56:47 [smzdm] DEBUG: -----------------å€¼å‹2226227234 said: æ²¡æœ‰é»‘å¡ï¼Œçœé’± -----------------
2020-09-07 11:56:47 [scrapy.core.scraper] DEBUG: Scraped from <200 https://www.smzdm.com/p/24586518/>
{'product_name': 'æ–°é²œåˆ°è´§S.PELLEGRINO åœ£åŸ¹éœ² å«æ°”å¤©ç„¶çŸ¿æ³‰æ°´ 500ml 24ç“¶/ç®±',
 'user_comment': 'æ²¡æœ‰é»‘å¡ï¼Œçœé’±',
 'user_name': 'å€¼å‹2226227234'}
2020-09-07 11:56:47 [smzdm] DEBUG: -----------------kimhyunyoo said: æ‚¨çœ‹æ¸…æ˜¯å•¥å•†å“äº†å— -----------------
2020-09-07 11:56:47 [scrapy.core.scraper] DEBUG: Scraped from <200 https://www.smzdm.com/p/24586518/>
{'product_name': 'æ–°é²œåˆ°è´§S.PELLEGRINO åœ£åŸ¹éœ² å«æ°”å¤©ç„¶çŸ¿æ³‰æ°´ 500ml 24ç“¶/ç®±',
 'user_comment': 'æ‚¨çœ‹æ¸…æ˜¯å•¥å•†å“äº†å—',
 'user_name': 'kimhyunyoo'}
2020-09-07 11:56:47 [smzdm] DEBUG: -----------------Amoonz said: è¿™å°±æ˜¯åœ£åŸ¹éœ²å•Šã€‚åŒæ—¶ä¹°è¿‡å¥½å‡ æ¬¾æ¬¾æ°”æ³¡æ°´ï¼Œæœ€å–œæ¬¢è¿™æ¬¾ -----------------
2020-09-07 11:56:47 [scrapy.core.scraper] DEBUG: Scraped from <200 https://www.smzdm.com/p/24586518/>
{'product_name': 'æ–°é²œåˆ°è´§S.PELLEGRINO åœ£åŸ¹éœ² å«æ°”å¤©ç„¶çŸ¿æ³‰æ°´ 500ml 24ç“¶/ç®±',
 'user_comment': 'è¿™å°±æ˜¯åœ£åŸ¹éœ²å•Šã€‚åŒæ—¶ä¹°è¿‡å¥½å‡ æ¬¾æ¬¾æ°”æ³¡æ°´ï¼Œæœ€å–œæ¬¢è¿™æ¬¾',
 'user_name': 'Amoonz'}
2020-09-07 11:56:47 [smzdm] DEBUG: -----------------bingbingbang said: ä½ æé”™äº†å§ -----------------
2020-09-07 11:56:47 [scrapy.core.scraper] DEBUG: Scraped from <200 https://www.smzdm.com/p/24586518/>
{'product_name': 'æ–°é²œåˆ°è´§S.PELLEGRINO åœ£åŸ¹éœ² å«æ°”å¤©ç„¶çŸ¿æ³‰æ°´ 500ml 24ç“¶/ç®±',
 'user_comment': 'ä½ æé”™äº†å§',
 'user_name': 'bingbingbang'}
2020-09-07 11:56:47 [smzdm] DEBUG: -----------------å€¼å‹1155066649 said: æ²¡æœ‰é»‘å¡ï¼Œç®—äº† -----------------
2020-09-07 11:56:47 [scrapy.core.scraper] DEBUG: Scraped from <200 https://www.smzdm.com/p/24586518/>
{'product_name': 'æ–°é²œåˆ°è´§S.PELLEGRINO åœ£åŸ¹éœ² å«æ°”å¤©ç„¶çŸ¿æ³‰æ°´ 500ml 24ç“¶/ç®±',
 'user_comment': 'æ²¡æœ‰é»‘å¡ï¼Œç®—äº†',
 'user_name': 'å€¼å‹1155066649'}
2020-09-07 11:56:47 [smzdm] DEBUG: -----------------å–œæ¬¢å°±å»å‰ said: æ²¡æœ‰é»‘å¡ï¼Œçœé’±äº† -----------------
2020-09-07 11:56:47 [root] DEBUG: Will insert following data: [['æ–°é²œåˆ°è´§S.PELLEGRINO åœ£åŸ¹éœ² å«æ°”å¤©ç„¶çŸ¿æ³‰æ°´ 500ml 24ç“¶/ç®±', 'å°çŒªé¥²å…»å‘˜', 'ç”Ÿäº§æ—¥æœŸæè¿°æ˜¯ä»Šå¹´3æœˆåˆ°4æœˆçš„ï¼ŒæŒ‰å¡‘æ–™ç“¶çš„ç®—ï¼ŒåŠå¹´çš„è·‘çš„æ°”ä¸å°‘å•¦ï¼Œå½±å“ä¸€éƒ¨åˆ†å£æ„Ÿã€‚ä»·æ ¼æ˜¯ä¸é”™ï¼Œè‡ªå·±è€ƒè™‘ã€‚', '2020-09-07 11:56:47'], ['æ–°é²œåˆ°è´§S.PELLEGRINO åœ£åŸ¹éœ² å«æ°”å¤©ç„¶çŸ¿æ³‰æ°´ 500ml 24ç“¶/ç®±', 'æ©˜å­å¤§-å¤§ï¼ˆçˆ†æ–™äººï¼‰', 'è¿˜å¥½ï¼Œå¡‘æ–™ç“¶æ¯”ä¸‰æ‹³è¿˜ä¾¿å®œï¼Œæˆ‘ä¹°äº†å¡‘æ–™å’Œç»ç’ƒï¼Œå¡‘æ–™å°±è¿åŠ¨æ—¶å€™å–ï¼Œè¿˜ä¸é”™çš„ã€‚', '2020-09-07 11:56:47'], ['æ–°é²œåˆ°è´§S.PELLEGRINO åœ£åŸ¹éœ² å«æ°”å¤©ç„¶çŸ¿æ³‰æ°´ 500ml 24ç“¶/ç®±', 'å®æ³¢é˜¿ä¸‰å“¥', 'å¡‘æ–™ç“¶çš„è·‘æ°”è¶…çº§å¿«â€¦â€¦â€¦â€¦æ²¡å¼€å°çš„ä¹Ÿä¸€æ ·åŠé€€', '2020-09-07 11:56:47'], ['æ–°é²œåˆ°è´§S.PELLEGRINO åœ£åŸ¹éœ² å«æ°”å¤©ç„¶çŸ¿æ³‰æ°´ 500ml 24ç“¶/ç®±', 'å€¼å‹9344682574', 'åˆ«è§æ€ªï¼Œè¿™æ˜¯å°å†°', '2020-09-07 11:56:47'], ['æ–°é²œåˆ°è´§S.PELLEGRINO åœ£åŸ¹éœ² å«æ°”å¤©ç„¶çŸ¿æ³‰æ°´ 500ml 24ç“¶/ç®±', 'æ©™å­æ©™å­æˆ‘æ˜¯æ©˜å­', 'æ²¡æœ‰é»‘å¡ï¼Œçœé’±äº†', '2020-09-07 11:56:47'], ['æ–°é²œåˆ°è´§S.PELLEGRINO åœ£åŸ¹éœ² å«æ°”å¤©ç„¶çŸ¿æ³‰æ°´ 500ml 24ç“¶/ç®±', 'å€¼å‹2226227234', 'æ²¡æœ‰é»‘å¡ï¼Œçœé’±', '2020-09-07 11:56:47'], ['æ–°é²œåˆ°è´§S.PELLEGRINO åœ£åŸ¹éœ² å«æ°”å¤©ç„¶çŸ¿æ³‰æ°´ 500ml 24ç“¶/ç®±', 'kimhyunyoo', 'æ‚¨çœ‹æ¸…æ˜¯å•¥å•†å“äº†å—', '2020-09-07 11:56:47'], ['æ–°é²œåˆ°è´§S.PELLEGRINO åœ£åŸ¹éœ² å«æ°”å¤©ç„¶çŸ¿æ³‰æ°´ 500ml 24ç“¶/ç®±', 'Amoonz', 'è¿™å°±æ˜¯åœ£åŸ¹éœ²å•Šã€‚åŒæ—¶ä¹°è¿‡å¥½å‡ æ¬¾æ¬¾æ°”æ³¡æ°´ï¼Œæœ€å–œæ¬¢è¿™æ¬¾', '2020-09-07 11:56:47'], ['æ–°é²œåˆ°è´§S.PELLEGRINO åœ£åŸ¹éœ² å«æ°”å¤©ç„¶çŸ¿æ³‰æ°´ 500ml 24ç“¶/ç®±', 'bingbingbang', 'ä½ æé”™äº†å§', '2020-09-07 11:56:47'], ['æ–°é²œåˆ°è´§S.PELLEGRINO åœ£åŸ¹éœ² å«æ°”å¤©ç„¶çŸ¿æ³‰æ°´ 500ml 24ç“¶/ç®±', 'å€¼å‹1155066649', 'æ²¡æœ‰é»‘å¡ï¼Œç®—äº†', '2020-09-07 11:56:47']]
2020-09-07 11:56:47 [root] INFO: Inserted 10 comments to DB.
2020-09-07 11:56:47 [scrapy.core.scraper] DEBUG: Scraped from <200 https://www.smzdm.com/p/24586518/>
{'product_name': 'æ–°é²œåˆ°è´§S.PELLEGRINO åœ£åŸ¹éœ² å«æ°”å¤©ç„¶çŸ¿æ³‰æ°´ 500ml 24ç“¶/ç®±',
 'user_comment': 'æ²¡æœ‰é»‘å¡ï¼Œçœé’±äº†',
 'user_name': 'å–œæ¬¢å°±å»å‰'}
2020-09-07 11:56:47 [smzdm] DEBUG: -----------------å°å†° said: è®¤çŸ¥åº¦å¾ˆé«˜çš„ä¸€æ¬¾å……æ°”çŸ¿æ³‰æ°´ï¼Œä¸€ç›´è¢«äººå’Œåœ£åŸ¹éœ²æ”¾åœ¨ä¸€èµ·æ¯”è¾ƒäº†å¾ˆå¤šå¹´ -----------------
2020-09-07 11:56:47 [scrapy.core.scraper] DEBUG: Scraped from <200 https://www.smzdm.com/p/24586518/>
{'product_name': 'æ–°é²œåˆ°è´§S.PELLEGRINO åœ£åŸ¹éœ² å«æ°”å¤©ç„¶çŸ¿æ³‰æ°´ 500ml 24ç“¶/ç®±',
 'user_comment': 'è®¤çŸ¥åº¦å¾ˆé«˜çš„ä¸€æ¬¾å……æ°”çŸ¿æ³‰æ°´ï¼Œä¸€ç›´è¢«äººå’Œåœ£åŸ¹éœ²æ”¾åœ¨ä¸€èµ·æ¯”è¾ƒäº†å¾ˆå¤šå¹´',
 'user_name': 'å°å†°'}
2020-09-07 11:56:48 [scrapy.core.engine] DEBUG: Crawled (200) <GET https://www.smzdm.com/p/24586542/> (referer: https://www.smzdm.com/fenlei/qipaoshui/)
2020-09-07 11:56:48 [smzdm] INFO: 0 comments on current page
2020-09-07 11:56:49 [scrapy.core.engine] DEBUG: Crawled (200) <GET https://www.smzdm.com/p/24587860/> (referer: https://www.smzdm.com/fenlei/qipaoshui/)
2020-09-07 11:56:49 [smzdm] INFO: 1 comments on current page
2020-09-07 11:56:49 [smzdm] DEBUG: -----------------123syt said:   90å¤šå“ªå¥½ä»·äº†ä½ æŒ‡æˆ‘çœ‹çœ‹ã€‚ -----------------
2020-09-07 11:56:49 [scrapy.core.scraper] DEBUG: Scraped from <200 https://www.smzdm.com/p/24587860/>
{'product_name': 'å´‚å±± ç™½èŠ±è›‡è‰æ°´é£å‘³é¥®æ–™ 330ml*24ç“¶ æ•´ç®±è£… ä¸­åè€å­—å·',
 'user_comment': '90å¤šå“ªå¥½ä»·äº†ä½ æŒ‡æˆ‘çœ‹çœ‹ã€‚',
 'user_name': '123syt'}
2020-09-07 11:56:49 [scrapy.core.engine] INFO: Closing spider (finished)
2020-09-07 11:56:49 [root] DEBUG: Will insert following data: [['æ–°é²œåˆ°è´§S.PELLEGRINO åœ£åŸ¹éœ² å«æ°”å¤©ç„¶çŸ¿æ³‰æ°´ 500ml 24ç“¶/ç®±', 'å°å†°', 'è®¤çŸ¥åº¦å¾ˆé«˜çš„ä¸€æ¬¾å……æ°”çŸ¿æ³‰æ°´ï¼Œä¸€ç›´è¢«äººå’Œåœ£åŸ¹éœ²æ”¾åœ¨ä¸€èµ·æ¯”è¾ƒäº†å¾ˆå¤šå¹´', '2020-09-07 11:56:47'], ['å´‚å±± ç™½èŠ±è›‡è‰æ°´é£å‘³é¥®æ–™ 330ml*24ç“¶ æ•´ç®±è£… ä¸­åè€å­—å·', '123syt', '90å¤šå“ªå¥½ä»·äº†ä½ æŒ‡æˆ‘çœ‹çœ‹ã€‚', '2020-09-07 11:56:49']]
2020-09-07 11:56:49 [root] INFO: Inserted 2 comments to DB.
2020-09-07 11:56:49 [root] INFO: DB connection closed.
2020-09-07 11:56:49 [scrapy.statscollectors] INFO: Dumping Scrapy stats:
{'downloader/request_bytes': 6018,
 'downloader/request_count': 11,
 'downloader/request_method_count/GET': 11,
 'downloader/response_bytes': 454265,
 'downloader/response_count': 11,
 'downloader/response_status_count/200': 11,
 'elapsed_time_seconds': 12.978742,
 'finish_reason': 'finished',
 'finish_time': datetime.datetime(2020, 9, 7, 3, 56, 49, 675105),
 'item_scraped_count': 57,
 'log_count/DEBUG': 141,
 'log_count/INFO': 38,
 'request_depth_max': 1,
 'response_received_count': 11,
 'scheduler/dequeued': 11,
 'scheduler/dequeued/memory': 11,
 'scheduler/enqueued': 11,
 'scheduler/enqueued/memory': 11,
 'start_time': datetime.datetime(2020, 9, 7, 3, 56, 36, 696363)}
2020-09-07 11:56:49 [scrapy.core.engine] INFO: Spider closed (finished)
